<?xml version="1.0" encoding="UTF-8"?>
<!-- Generated by org.testng.reporters.JUnitReportReporter -->
<testsuite hostname="vvinjamuri-pk.local" name="com.avitas.core.testcases.TestA" tests="1" failures="0" timestamp="26 Aug 2019 07:42:36 GMT" time="4.620" errors="0">
  <testcase name="testB" time="4.620" classname="com.avitas.core.testcases.TestA"/>
</testsuite> <!-- com.avitas.core.testcases.TestA -->
